app/build/intermediates/manifest_merge_blame_file/debug/manifest-merger-blame-debug-report.txt
1<?xml version="1.0" encoding="utf-8"?>
2<manifest xmlns:android="http://schemas.android.com/apk/res/android"
3    package="com.shaikshavali.taskthree"
4    android:versionCode="1"
5    android:versionName="1.0" >
6
7    <uses-sdk
8        android:minSdkVersion="21"
8-->src\main\AndroidManifest.xml
9        android:targetSdkVersion="33" />
9-->src\main\AndroidManifest.xml
10
11    <!-- <meta-data -->
12    <!-- android:name="com.google.firebase.messaging.default_notification_icon" -->
13    <!-- android:resource="@drawable/cross_eye_img" /> -->
14
15
16    <!-- <meta-data -->
17    <!-- android:name="com.google.firebase.messaging.default_notification_color" -->
18    <!-- android:resource="@color/clr_blue" /> -->
19
20
21    <!-- <meta-data -->
22    <!-- android:name="com.google.firebase.messaging.default_notification_channel_id" -->
23    <!-- android:value="@string/notification_channel_id" /> -->
24
25
26    <!-- If error occurs then remove all the comments -->
27
28    <uses-permission android:name="android.permission.INTERNET" />
28-->src\main\AndroidManifest.xml:21:5-66
28-->src\main\AndroidManifest.xml:21:22-64
29    <uses-permission android:name="android.permission.READ_EXTERNAL_STORAGE" />
29-->src\main\AndroidManifest.xml:22:5-80
29-->src\main\AndroidManifest.xml:22:22-77
30    <uses-permission android:name="android.permission.CAMERA" />
30-->src\main\AndroidManifest.xml:23:5-65
30-->src\main\AndroidManifest.xml:23:22-62
31    <uses-permission android:name="android.permission.ACCESS_FINE_LOCATION" />
31-->src\main\AndroidManifest.xml:24:5-78
31-->src\main\AndroidManifest.xml:24:22-76
32    <uses-permission android:name="android.permission.ACCESS_COARSE_LOCATION" />
32-->src\main\AndroidManifest.xml:25:5-80
32-->src\main\AndroidManifest.xml:25:22-78
33
34    <uses-feature
34-->src\main\AndroidManifest.xml:27:5-29:35
35        android:name="android.hardware.camera"
35-->src\main\AndroidManifest.xml:28:9-47
36        android:required="true" />
36-->src\main\AndroidManifest.xml:29:9-32
37
38    <uses-permission android:name="android.permission.ACCESS_NETWORK_STATE" />
38-->[com.google.firebase:firebase-auth:22.0.0] AndroidManifest.xml:26:5-79
38-->[com.google.firebase:firebase-auth:22.0.0] AndroidManifest.xml:26:22-76
39    <uses-permission android:name="android.permission.ACCESS_WIFI_STATE" />
39-->[com.google.android.libraries.places:places:3.1.0] AndroidManifest.xml:11:5-76
39-->[com.google.android.libraries.places:places:3.1.0] AndroidManifest.xml:11:22-73
40
41    <uses-feature
41-->[com.google.android.gms:play-services-maps:18.1.0] AndroidManifest.xml:26:5-28:35
42        android:glEsVersion="0x00020000"
42-->[com.google.android.gms:play-services-maps:18.1.0] AndroidManifest.xml:27:9-41
43        android:required="true" />
43-->[com.google.android.gms:play-services-maps:18.1.0] AndroidManifest.xml:28:9-32
44
45    <queries>
45-->[com.google.android.gms:play-services-maps:18.1.0] AndroidManifest.xml:30:5-34:15
46
47        <!-- Needs to be explicitly declared on Android R+ -->
48        <package android:name="com.google.android.apps.maps" />
48-->[com.google.android.gms:play-services-maps:18.1.0] AndroidManifest.xml:33:9-64
48-->[com.google.android.gms:play-services-maps:18.1.0] AndroidManifest.xml:33:18-61
49    </queries>
50
51    <uses-permission android:name="android.permission.POST_NOTIFICATIONS" />
51-->[com.google.firebase:firebase-messaging:23.1.2] AndroidManifest.xml:25:5-77
51-->[com.google.firebase:firebase-messaging:23.1.2] AndroidManifest.xml:25:22-74
52    <uses-permission android:name="android.permission.WAKE_LOCK" /> <!-- Required by older versions of Google Play services to create IID tokens -->
52-->[com.google.firebase:firebase-messaging:23.1.2] AndroidManifest.xml:26:5-68
52-->[com.google.firebase:firebase-messaging:23.1.2] AndroidManifest.xml:26:22-65
53    <uses-permission android:name="com.google.android.c2dm.permission.RECEIVE" />
53-->[com.google.firebase:firebase-messaging:23.1.2] AndroidManifest.xml:28:5-82
53-->[com.google.firebase:firebase-messaging:23.1.2] AndroidManifest.xml:28:22-79
54    <uses-permission android:name="com.google.android.finsky.permission.BIND_GET_INSTALL_REFERRER_SERVICE" />
54-->[com.google.android.gms:play-services-measurement:21.2.2] AndroidManifest.xml:26:5-110
54-->[com.google.android.gms:play-services-measurement:21.2.2] AndroidManifest.xml:26:22-107
55    <uses-permission android:name="com.google.android.gms.permission.AD_ID" />
55-->[com.google.android.gms:play-services-measurement-impl:21.2.2] AndroidManifest.xml:27:5-79
55-->[com.google.android.gms:play-services-measurement-impl:21.2.2] AndroidManifest.xml:27:22-76
56
57    <permission
57-->[androidx.core:core:1.9.0] AndroidManifest.xml:22:5-24:47
58        android:name="com.shaikshavali.taskthree.DYNAMIC_RECEIVER_NOT_EXPORTED_PERMISSION"
58-->[androidx.core:core:1.9.0] AndroidManifest.xml:23:9-81
59        android:protectionLevel="signature" />
59-->[androidx.core:core:1.9.0] AndroidManifest.xml:24:9-44
60
61    <uses-permission android:name="com.shaikshavali.taskthree.DYNAMIC_RECEIVER_NOT_EXPORTED_PERMISSION" />
61-->[androidx.core:core:1.9.0] AndroidManifest.xml:26:5-97
61-->[androidx.core:core:1.9.0] AndroidManifest.xml:26:22-94
62
63    <application
63-->src\main\AndroidManifest.xml:32:5-123:19
64        android:allowBackup="true"
64-->src\main\AndroidManifest.xml:33:9-35
65        android:appComponentFactory="androidx.core.app.CoreComponentFactory"
65-->[androidx.core:core:1.9.0] AndroidManifest.xml:28:18-86
66        android:dataExtractionRules="@xml/data_extraction_rules"
66-->src\main\AndroidManifest.xml:34:9-65
67        android:debuggable="true"
68        android:fullBackupContent="@xml/backup_rules"
68-->src\main\AndroidManifest.xml:35:9-54
69        android:icon="@mipmap/ic_launcher"
69-->src\main\AndroidManifest.xml:36:9-43
70        android:label="@string/app_name"
70-->src\main\AndroidManifest.xml:37:9-41
71        android:supportsRtl="true"
71-->src\main\AndroidManifest.xml:38:9-35
72        android:testOnly="true"
73        android:theme="@style/Theme.TaskThree" >
73-->src\main\AndroidManifest.xml:39:9-47
74        <meta-data
74-->src\main\AndroidManifest.xml:42:9-45:15
75            android:name="com.google.android.gms.version"
75-->src\main\AndroidManifest.xml:42:20-65
76            android:value="@integer/google_play_services_version" />
76-->src\main\AndroidManifest.xml:43:13-66
77
78        <!--
79             TODO: Before you run your application, you need a Google Maps API key.
80
81             To get one, follow the directions here:
82
83                https://developers.google.com/maps/documentation/android-sdk/get-api-key
84
85             Once you have your API key (it starts with "AIza"), define a new property in your
86             project's local.properties file (e.g. MAPS_API_KEY=Aiza...), and replace the
87             "YOUR_API_KEY" string in this file with "${MAPS_API_KEY}".
88        -->
89        <meta-data
89-->src\main\AndroidManifest.xml:58:9-60:59
90            android:name="com.google.android.geo.API_KEY"
90-->src\main\AndroidManifest.xml:59:13-58
91            android:value="@string/google_maps_api_key" />
91-->src\main\AndroidManifest.xml:60:13-56
92
93        <activity
93-->src\main\AndroidManifest.xml:62:9-66:56
94            android:name="com.shaikshavali.taskthree.activities.MapActivity"
94-->src\main\AndroidManifest.xml:63:13-51
95            android:exported="false"
95-->src\main\AndroidManifest.xml:64:13-37
96            android:screenOrientation="portrait"
96-->src\main\AndroidManifest.xml:65:13-49
97            android:theme="@style/Theme.NoActionBar" />
97-->src\main\AndroidManifest.xml:66:13-53
98        <activity
98-->src\main\AndroidManifest.xml:67:9-71:56
99            android:name="com.shaikshavali.taskthree.activities.UploadImageActivity"
99-->src\main\AndroidManifest.xml:68:13-59
100            android:exported="false"
100-->src\main\AndroidManifest.xml:69:13-37
101            android:screenOrientation="portrait"
101-->src\main\AndroidManifest.xml:70:13-49
102            android:theme="@style/Theme.NoActionBar" />
102-->src\main\AndroidManifest.xml:71:13-53
103        <activity
103-->src\main\AndroidManifest.xml:72:9-76:56
104            android:name="com.shaikshavali.taskthree.activities.GalleryActivity"
104-->src\main\AndroidManifest.xml:73:13-55
105            android:exported="false"
105-->src\main\AndroidManifest.xml:74:13-37
106            android:screenOrientation="portrait"
106-->src\main\AndroidManifest.xml:75:13-49
107            android:theme="@style/Theme.NoActionBar" />
107-->src\main\AndroidManifest.xml:76:13-53
108        <activity
108-->src\main\AndroidManifest.xml:77:9-81:56
109            android:name="com.shaikshavali.taskthree.activities.HomeScreen"
109-->src\main\AndroidManifest.xml:78:13-50
110            android:exported="false"
110-->src\main\AndroidManifest.xml:79:13-37
111            android:screenOrientation="portrait"
111-->src\main\AndroidManifest.xml:80:13-49
112            android:theme="@style/Theme.NoActionBar" />
112-->src\main\AndroidManifest.xml:81:13-53
113        <activity
113-->src\main\AndroidManifest.xml:82:9-86:56
114            android:name="com.shaikshavali.taskthree.activities.SignupActivity"
114-->src\main\AndroidManifest.xml:83:13-54
115            android:exported="false"
115-->src\main\AndroidManifest.xml:84:13-37
116            android:screenOrientation="portrait"
116-->src\main\AndroidManifest.xml:85:13-49
117            android:theme="@style/Theme.NoActionBar" />
117-->src\main\AndroidManifest.xml:86:13-53
118        <activity
118-->src\main\AndroidManifest.xml:87:9-91:56
119            android:name="com.shaikshavali.taskthree.activities.LoginActivity"
119-->src\main\AndroidManifest.xml:88:13-53
120            android:exported="false"
120-->src\main\AndroidManifest.xml:89:13-37
121            android:screenOrientation="portrait"
121-->src\main\AndroidManifest.xml:90:13-49
122            android:theme="@style/Theme.NoActionBar" />
122-->src\main\AndroidManifest.xml:91:13-53
123        <activity
123-->src\main\AndroidManifest.xml:92:9-102:20
124            android:name="com.shaikshavali.taskthree.activities.MainActivity"
124-->src\main\AndroidManifest.xml:93:13-52
125            android:exported="true"
125-->src\main\AndroidManifest.xml:94:13-36
126            android:screenOrientation="portrait"
126-->src\main\AndroidManifest.xml:95:13-49
127            android:theme="@style/Theme.NoActionBar" >
127-->src\main\AndroidManifest.xml:96:13-53
128            <intent-filter>
128-->src\main\AndroidManifest.xml:97:13-101:29
129                <action android:name="android.intent.action.MAIN" />
129-->src\main\AndroidManifest.xml:98:17-69
129-->src\main\AndroidManifest.xml:98:25-66
130
131                <category android:name="android.intent.category.LAUNCHER" />
131-->src\main\AndroidManifest.xml:100:17-77
131-->src\main\AndroidManifest.xml:100:27-74
132            </intent-filter>
133        </activity>
134
135        <provider
136            android:name="androidx.core.content.FileProvider"
136-->src\main\AndroidManifest.xml:105:13-62
137            android:authorities="com.shaikshavali.taskthree.provider"
137-->src\main\AndroidManifest.xml:106:13-60
138            android:exported="false"
138-->src\main\AndroidManifest.xml:107:13-37
139            android:grantUriPermissions="true" >
139-->src\main\AndroidManifest.xml:108:13-47
140            <meta-data
140-->src\main\AndroidManifest.xml:109:13-111:58
141                android:name="android.support.FILE_PROVIDER_PATHS"
141-->src\main\AndroidManifest.xml:110:17-67
142                android:resource="@xml/provider_paths" />
142-->src\main\AndroidManifest.xml:111:17-55
143        </provider>
144
145        <service
145-->src\main\AndroidManifest.xml:114:9-120:19
146            android:name="com.shaikshavali.taskthree.fcm.MyFirebaseMessageService"
146-->src\main\AndroidManifest.xml:114:18-62
147            android:exported="false" >
147-->src\main\AndroidManifest.xml:115:13-37
148            <intent-filter>
148-->src\main\AndroidManifest.xml:117:13-119:29
149                <action android:name="com.google.firebase.MESSAGING_EVENT" />
149-->src\main\AndroidManifest.xml:118:17-78
149-->src\main\AndroidManifest.xml:118:25-75
150            </intent-filter>
151        </service>
152...
153        <service
153-->[com.google.firebase:firebase-storage-ktx:20.2.0] AndroidManifest.xml:11:9-17:19
154            android:name="com.google.firebase.components.ComponentDiscoveryService"
154-->[com.google.firebase:firebase-storage-ktx:20.2.0] AndroidManifest.xml:12:13-84
155            android:directBootAware="true"
155-->[com.google.firebase:firebase-common:20.3.2] AndroidManifest.xml:34:13-43
156            android:exported="false" >
156-->[com.google.firebase:firebase-storage-ktx:20.2.0] AndroidManifest.xml:13:13-37
157            <meta-data
157-->[com.google.firebase:firebase-storage-ktx:20.2.0] AndroidManifest.xml:14:13-16:85
158                android:name="com.google.firebase.components:com.google.firebase.storage.ktx.FirebaseStorageKtxRegistrar"
158-->[com.google.firebase:firebase-storage-ktx:20.2.0] AndroidManifest.xml:15:17-122
159                android:value="com.google.firebase.components.ComponentRegistrar" />
159-->[com.google.firebase:firebase-storage-ktx:20.2.0] AndroidManifest.xml:16:17-82
160            <meta-data
160-->[com.google.firebase:firebase-firestore-ktx:24.6.0] AndroidManifest.xml:14:13-16:85
161                android:name="com.google.firebase.components:com.google.firebase.firestore.ktx.FirebaseFirestoreKtxRegistrar"
161-->[com.google.firebase:firebase-firestore-ktx:24.6.0] AndroidManifest.xml:15:17-126
162                android:value="com.google.firebase.components.ComponentRegistrar" />
162-->[com.google.firebase:firebase-firestore-ktx:24.6.0] AndroidManifest.xml:16:17-82
163            <meta-data
163-->[com.google.firebase:firebase-analytics-ktx:21.2.2] AndroidManifest.xml:11:13-13:85
164                android:name="com.google.firebase.components:com.google.firebase.analytics.ktx.FirebaseAnalyticsKtxRegistrar"
164-->[com.google.firebase:firebase-analytics-ktx:21.2.2] AndroidManifest.xml:12:17-126
165                android:value="com.google.firebase.components.ComponentRegistrar" />
165-->[com.google.firebase:firebase-analytics-ktx:21.2.2] AndroidManifest.xml:13:17-82
166            <meta-data
166-->[com.google.firebase:firebase-auth-ktx:22.0.0] AndroidManifest.xml:11:13-13:85
167                android:name="com.google.firebase.components:com.google.firebase.auth.ktx.FirebaseAuthKtxRegistrar"
167-->[com.google.firebase:firebase-auth-ktx:22.0.0] AndroidManifest.xml:12:17-116
168                android:value="com.google.firebase.components.ComponentRegistrar" />
168-->[com.google.firebase:firebase-auth-ktx:22.0.0] AndroidManifest.xml:13:17-82
169            <meta-data
169-->[com.google.firebase:firebase-common-ktx:20.3.2] AndroidManifest.xml:14:13-16:85
170                android:name="com.google.firebase.components:com.google.firebase.ktx.FirebaseCommonKtxRegistrar"
170-->[com.google.firebase:firebase-common-ktx:20.3.2] AndroidManifest.xml:15:17-113
171                android:value="com.google.firebase.components.ComponentRegistrar" />
171-->[com.google.firebase:firebase-common-ktx:20.3.2] AndroidManifest.xml:16:17-82
172            <meta-data
172-->[com.google.firebase:firebase-auth:22.0.0] AndroidManifest.xml:69:13-71:85
173                android:name="com.google.firebase.components:com.google.firebase.auth.FirebaseAuthRegistrar"
173-->[com.google.firebase:firebase-auth:22.0.0] AndroidManifest.xml:70:17-109
174                android:value="com.google.firebase.components.ComponentRegistrar" />
174-->[com.google.firebase:firebase-auth:22.0.0] AndroidManifest.xml:71:17-82
175            <meta-data
175-->[com.google.firebase:firebase-messaging:23.1.2] AndroidManifest.xml:55:13-57:85
176                android:name="com.google.firebase.components:com.google.firebase.messaging.FirebaseMessagingRegistrar"
176-->[com.google.firebase:firebase-messaging:23.1.2] AndroidManifest.xml:56:17-119
177                android:value="com.google.firebase.components.ComponentRegistrar" />
177-->[com.google.firebase:firebase-messaging:23.1.2] AndroidManifest.xml:57:17-82
178            <meta-data
178-->[com.google.android.gms:play-services-measurement-api:21.2.2] AndroidManifest.xml:31:13-33:85
179                android:name="com.google.firebase.components:com.google.firebase.analytics.connector.internal.AnalyticsConnectorRegistrar"
179-->[com.google.android.gms:play-services-measurement-api:21.2.2] AndroidManifest.xml:32:17-139
180                android:value="com.google.firebase.components.ComponentRegistrar" />
180-->[com.google.android.gms:play-services-measurement-api:21.2.2] AndroidManifest.xml:33:17-82
181            <meta-data
181-->[com.google.firebase:firebase-datatransport:18.1.7] AndroidManifest.xml:27:13-29:85
182                android:name="com.google.firebase.components:com.google.firebase.datatransport.TransportRegistrar"
182-->[com.google.firebase:firebase-datatransport:18.1.7] AndroidManifest.xml:28:17-115
183                android:value="com.google.firebase.components.ComponentRegistrar" />
183-->[com.google.firebase:firebase-datatransport:18.1.7] AndroidManifest.xml:29:17-82
184            <meta-data
184-->[com.google.firebase:firebase-installations:17.1.3] AndroidManifest.xml:17:13-19:85
185                android:name="com.google.firebase.components:com.google.firebase.installations.FirebaseInstallationsRegistrar"
185-->[com.google.firebase:firebase-installations:17.1.3] AndroidManifest.xml:18:17-127
186                android:value="com.google.firebase.components.ComponentRegistrar" />
186-->[com.google.firebase:firebase-installations:17.1.3] AndroidManifest.xml:19:17-82
187            <meta-data
187-->[com.google.firebase:firebase-storage:20.2.0] AndroidManifest.xml:32:13-34:85
188                android:name="com.google.firebase.components:com.google.firebase.storage.StorageRegistrar"
188-->[com.google.firebase:firebase-storage:20.2.0] AndroidManifest.xml:33:17-107
189                android:value="com.google.firebase.components.ComponentRegistrar" />
189-->[com.google.firebase:firebase-storage:20.2.0] AndroidManifest.xml:34:17-82
190            <meta-data
190-->[com.google.firebase:firebase-firestore:24.6.0] AndroidManifest.xml:19:13-21:85
191                android:name="com.google.firebase.components:com.google.firebase.firestore.FirestoreRegistrar"
191-->[com.google.firebase:firebase-firestore:24.6.0] AndroidManifest.xml:20:17-111
192                android:value="com.google.firebase.components.ComponentRegistrar" />
192-->[com.google.firebase:firebase-firestore:24.6.0] AndroidManifest.xml:21:17-82
193        </service>
194
195        <activity
195-->[com.google.firebase:firebase-auth:22.0.0] AndroidManifest.xml:29:9-46:20
196            android:name="com.google.firebase.auth.internal.GenericIdpActivity"
196-->[com.google.firebase:firebase-auth:22.0.0] AndroidManifest.xml:30:13-80
197            android:excludeFromRecents="true"
197-->[com.google.firebase:firebase-auth:22.0.0] AndroidManifest.xml:31:13-46
198            android:exported="true"
198-->[com.google.firebase:firebase-auth:22.0.0] AndroidManifest.xml:32:13-36
199            android:launchMode="singleTask"
199-->[com.google.firebase:firebase-auth:22.0.0] AndroidManifest.xml:33:13-44
200            android:theme="@android:style/Theme.Translucent.NoTitleBar" >
200-->[com.google.firebase:firebase-auth:22.0.0] AndroidManifest.xml:34:13-72
201            <intent-filter>
201-->[com.google.firebase:firebase-auth:22.0.0] AndroidManifest.xml:35:13-45:29
202                <action android:name="android.intent.action.VIEW" />
202-->[com.google.firebase:firebase-auth:22.0.0] AndroidManifest.xml:36:17-69
202-->[com.google.firebase:firebase-auth:22.0.0] AndroidManifest.xml:36:25-66
203
204                <category android:name="android.intent.category.DEFAULT" />
204-->[com.google.firebase:firebase-auth:22.0.0] AndroidManifest.xml:38:17-76
204-->[com.google.firebase:firebase-auth:22.0.0] AndroidManifest.xml:38:27-73
205                <category android:name="android.intent.category.BROWSABLE" />
205-->[com.google.firebase:firebase-auth:22.0.0] AndroidManifest.xml:39:17-78
205-->[com.google.firebase:firebase-auth:22.0.0] AndroidManifest.xml:39:27-75
206
207                <data
207-->[com.google.firebase:firebase-auth:22.0.0] AndroidManifest.xml:41:17-44:51
208                    android:host="firebase.auth"
208-->[com.google.firebase:firebase-auth:22.0.0] AndroidManifest.xml:42:21-49
209                    android:path="/"
209-->[com.google.firebase:firebase-auth:22.0.0] AndroidManifest.xml:43:21-37
210                    android:scheme="genericidp" />
210-->[com.google.firebase:firebase-auth:22.0.0] AndroidManifest.xml:44:21-48
211            </intent-filter>
212        </activity>
213        <activity
213-->[com.google.firebase:firebase-auth:22.0.0] AndroidManifest.xml:47:9-64:20
214            android:name="com.google.firebase.auth.internal.RecaptchaActivity"
214-->[com.google.firebase:firebase-auth:22.0.0] AndroidManifest.xml:48:13-79
215            android:excludeFromRecents="true"
215-->[com.google.firebase:firebase-auth:22.0.0] AndroidManifest.xml:49:13-46
216            android:exported="true"
216-->[com.google.firebase:firebase-auth:22.0.0] AndroidManifest.xml:50:13-36
217            android:launchMode="singleTask"
217-->[com.google.firebase:firebase-auth:22.0.0] AndroidManifest.xml:51:13-44
218            android:theme="@android:style/Theme.Translucent.NoTitleBar" >
218-->[com.google.firebase:firebase-auth:22.0.0] AndroidManifest.xml:52:13-72
219            <intent-filter>
219-->[com.google.firebase:firebase-auth:22.0.0] AndroidManifest.xml:53:13-63:29
220                <action android:name="android.intent.action.VIEW" />
220-->[com.google.firebase:firebase-auth:22.0.0] AndroidManifest.xml:36:17-69
220-->[com.google.firebase:firebase-auth:22.0.0] AndroidManifest.xml:36:25-66
221
222                <category android:name="android.intent.category.DEFAULT" />
222-->[com.google.firebase:firebase-auth:22.0.0] AndroidManifest.xml:38:17-76
222-->[com.google.firebase:firebase-auth:22.0.0] AndroidManifest.xml:38:27-73
223                <category android:name="android.intent.category.BROWSABLE" />
223-->[com.google.firebase:firebase-auth:22.0.0] AndroidManifest.xml:39:17-78
223-->[com.google.firebase:firebase-auth:22.0.0] AndroidManifest.xml:39:27-75
224
225                <data
225-->[com.google.firebase:firebase-auth:22.0.0] AndroidManifest.xml:41:17-44:51
226                    android:host="firebase.auth"
226-->[com.google.firebase:firebase-auth:22.0.0] AndroidManifest.xml:42:21-49
227                    android:path="/"
227-->[com.google.firebase:firebase-auth:22.0.0] AndroidManifest.xml:43:21-37
228                    android:scheme="recaptcha" />
228-->[com.google.firebase:firebase-auth:22.0.0] AndroidManifest.xml:44:21-48
229            </intent-filter>
230        </activity>
231        <activity
231-->[com.karumi:dexter:6.2.3] AndroidManifest.xml:27:9-29:72
232            android:name="com.karumi.dexter.DexterActivity"
232-->[com.karumi:dexter:6.2.3] AndroidManifest.xml:28:13-60
233            android:theme="@style/Dexter.Internal.Theme.Transparent" />
233-->[com.karumi:dexter:6.2.3] AndroidManifest.xml:29:13-69
234        <activity
234-->[com.google.android.libraries.places:places:3.1.0] AndroidManifest.xml:15:9-21:20
235            android:name="com.google.android.libraries.places.widget.AutocompleteActivity"
235-->[com.google.android.libraries.places:places:3.1.0] AndroidManifest.xml:16:13-91
236            android:exported="false"
236-->[com.google.android.libraries.places:places:3.1.0] AndroidManifest.xml:17:13-37
237            android:label="@string/places_autocomplete_label"
237-->[com.google.android.libraries.places:places:3.1.0] AndroidManifest.xml:18:13-62
238            android:theme="@style/PlacesAutocompleteOverlay"
238-->[com.google.android.libraries.places:places:3.1.0] AndroidManifest.xml:19:13-61
239            android:windowSoftInputMode="adjustResize" >
239-->[com.google.android.libraries.places:places:3.1.0] AndroidManifest.xml:20:13-55
240        </activity> <!-- Needs to be explicitly declared on P+ -->
241        <uses-library
241-->[com.google.android.gms:play-services-maps:18.1.0] AndroidManifest.xml:39:9-41:40
242            android:name="org.apache.http.legacy"
242-->[com.google.android.gms:play-services-maps:18.1.0] AndroidManifest.xml:40:13-50
243            android:required="false" />
243-->[com.google.android.gms:play-services-maps:18.1.0] AndroidManifest.xml:41:13-37
244
245        <receiver
245-->[com.google.firebase:firebase-messaging:23.1.2] AndroidManifest.xml:31:9-38:20
246            android:name="com.google.firebase.iid.FirebaseInstanceIdReceiver"
246-->[com.google.firebase:firebase-messaging:23.1.2] AndroidManifest.xml:32:13-78
247            android:exported="true"
247-->[com.google.firebase:firebase-messaging:23.1.2] AndroidManifest.xml:33:13-36
248            android:permission="com.google.android.c2dm.permission.SEND" >
248-->[com.google.firebase:firebase-messaging:23.1.2] AndroidManifest.xml:34:13-73
249            <intent-filter>
249-->[com.google.firebase:firebase-messaging:23.1.2] AndroidManifest.xml:35:13-37:29
250                <action android:name="com.google.android.c2dm.intent.RECEIVE" />
250-->[com.google.firebase:firebase-messaging:23.1.2] AndroidManifest.xml:36:17-81
250-->[com.google.firebase:firebase-messaging:23.1.2] AndroidManifest.xml:36:25-78
251            </intent-filter>
252        </receiver>
253        <!--
254             FirebaseMessagingService performs security checks at runtime,
255             but set to not exported to explicitly avoid allowing another app to call it.
256        -->
257        <service
257-->[com.google.firebase:firebase-messaging:23.1.2] AndroidManifest.xml:44:9-51:19
258            android:name="com.google.firebase.messaging.FirebaseMessagingService"
258-->[com.google.firebase:firebase-messaging:23.1.2] AndroidManifest.xml:45:13-82
259            android:directBootAware="true"
259-->[com.google.firebase:firebase-messaging:23.1.2] AndroidManifest.xml:46:13-43
260            android:exported="false" >
260-->[com.google.firebase:firebase-messaging:23.1.2] AndroidManifest.xml:47:13-37
261            <intent-filter android:priority="-500" >
261-->src\main\AndroidManifest.xml:117:13-119:29
262                <action android:name="com.google.firebase.MESSAGING_EVENT" />
262-->src\main\AndroidManifest.xml:118:17-78
262-->src\main\AndroidManifest.xml:118:25-75
263            </intent-filter>
264        </service>
265
266        <receiver
266-->[com.google.android.gms:play-services-measurement:21.2.2] AndroidManifest.xml:29:9-33:20
267            android:name="com.google.android.gms.measurement.AppMeasurementReceiver"
267-->[com.google.android.gms:play-services-measurement:21.2.2] AndroidManifest.xml:30:13-85
268            android:enabled="true"
268-->[com.google.android.gms:play-services-measurement:21.2.2] AndroidManifest.xml:31:13-35
269            android:exported="false" >
269-->[com.google.android.gms:play-services-measurement:21.2.2] AndroidManifest.xml:32:13-37
270        </receiver>
271
272        <service
272-->[com.google.android.gms:play-services-measurement:21.2.2] AndroidManifest.xml:35:9-38:40
273            android:name="com.google.android.gms.measurement.AppMeasurementService"
273-->[com.google.android.gms:play-services-measurement:21.2.2] AndroidManifest.xml:36:13-84
274            android:enabled="true"
274-->[com.google.android.gms:play-services-measurement:21.2.2] AndroidManifest.xml:37:13-35
275            android:exported="false" />
275-->[com.google.android.gms:play-services-measurement:21.2.2] AndroidManifest.xml:38:13-37
276        <service
276-->[com.google.android.gms:play-services-measurement:21.2.2] AndroidManifest.xml:39:9-43:72
277            android:name="com.google.android.gms.measurement.AppMeasurementJobService"
277-->[com.google.android.gms:play-services-measurement:21.2.2] AndroidManifest.xml:40:13-87
278            android:enabled="true"
278-->[com.google.android.gms:play-services-measurement:21.2.2] AndroidManifest.xml:41:13-35
279            android:exported="false"
279-->[com.google.android.gms:play-services-measurement:21.2.2] AndroidManifest.xml:42:13-37
280            android:permission="android.permission.BIND_JOB_SERVICE" />
280-->[com.google.android.gms:play-services-measurement:21.2.2] AndroidManifest.xml:43:13-69
281
282        <provider
282-->[com.google.firebase:firebase-common:20.3.2] AndroidManifest.xml:25:9-30:39
283            android:name="com.google.firebase.provider.FirebaseInitProvider"
283-->[com.google.firebase:firebase-common:20.3.2] AndroidManifest.xml:26:13-77
284            android:authorities="com.shaikshavali.taskthree.firebaseinitprovider"
284-->[com.google.firebase:firebase-common:20.3.2] AndroidManifest.xml:27:13-72
285            android:directBootAware="true"
285-->[com.google.firebase:firebase-common:20.3.2] AndroidManifest.xml:28:13-43
286            android:exported="false"
286-->[com.google.firebase:firebase-common:20.3.2] AndroidManifest.xml:29:13-37
287            android:initOrder="100" />
287-->[com.google.firebase:firebase-common:20.3.2] AndroidManifest.xml:30:13-36
288
289        <activity
289-->[com.google.android.gms:play-services-base:18.1.0] AndroidManifest.xml:20:9-22:45
290            android:name="com.google.android.gms.common.api.GoogleApiActivity"
290-->[com.google.android.gms:play-services-base:18.1.0] AndroidManifest.xml:20:19-85
291            android:exported="false"
291-->[com.google.android.gms:play-services-base:18.1.0] AndroidManifest.xml:22:19-43